<?xml version="1.0" encoding="UTF-8"?>
<testsuite xmlns:xsi="http://www.w3.org/2001/XMLSchema-instance" xsi:noNamespaceSchemaLocation="https://maven.apache.org/surefire/maven-surefire-plugin/xsd/surefire-test-report.xsd" name="CalculatorTest" time="1.786" tests="4" errors="0" skipped="0" failures="0">
  <properties>
[...]
</properties>
  <testcase name="subTest" classname="CalculatorTest" time="0.282"/>
  <testcase name="addTest" classname="CalculatorTest" time="0"/>
  <testcase name="mulTest" classname="CalculatorTest" time="0.001"/>
  <testcase name="divTest" classname="CalculatorTest" time="0.012"/>
</testsuite>